[17:56:19] [main/WARN]: Ambiguity between arguments [teleport, location] and [teleport, destination] with inputs: [0.1 -0.5 .9, 0 0 0]
[17:56:19] [main/WARN]: Ambiguity between arguments [teleport, location] and [teleport, targets] with inputs: [0.1 -0.5 .9, 0 0 0]
[17:56:19] [main/WARN]: Ambiguity between arguments [teleport, targets] and [teleport, destination] with inputs: [Player, 0123, dd12be42-52a9-4a91-a8a1-11c01849e498]
[17:56:19] [main/WARN]: Ambiguity between arguments [teleport, targets, location] and [teleport, targets, destination] with inputs: [0.1 -0.5 .9, 0 0 0]
[17:56:19] [main/INFO]: Loaded 0 recipes
[17:56:19] [main/INFO]: Loaded 0 advancements
[17:56:19] [Server thread/INFO]: Starting minecraft server version 1.13.2
[17:56:19] [Server thread/INFO]: Loading properties
[17:56:19] [Server thread/INFO]: Default game type: SURVIVAL
[17:56:19] [Server thread/INFO]: Generating keypair
[17:56:20] [Server thread/INFO]: Starting Minecraft server on *:25565
[17:56:20] [Server thread/INFO]: Using epoll channel type
[17:56:20] [Server thread/INFO]: Preparing level "world"
[17:56:20] [Server thread/INFO]: Reloading ResourceManager: Default
[17:56:21] [Server thread/INFO]: Loaded 524 recipes
[17:56:21] [Server thread/INFO]: Loaded 571 advancements
[17:56:21] [Server thread/INFO]: Preparing start region for dimension minecraft:overworld
[17:56:22] [Server thread/INFO]: Preparing spawn area: 4%
[17:56:22] [Server thread/INFO]: Preparing spawn area: 8%
[17:56:22] [Server thread/INFO]: Preparing spawn area: 12%
[17:56:22] [Server thread/INFO]: Preparing spawn area: 16%
[17:56:22] [Server thread/INFO]: Preparing spawn area: 20%
[17:56:22] [Server thread/INFO]: Preparing spawn area: 24%
[17:56:22] [Server thread/INFO]: Preparing spawn area: 28%
[17:56:22] [Server thread/INFO]: Preparing spawn area: 32%
[17:56:22] [Server thread/INFO]: Preparing spawn area: 36%
[17:56:23] [Server thread/INFO]: Preparing spawn area: 40%
[17:56:23] [Server thread/INFO]: Preparing spawn area: 44%
[17:56:23] [Server thread/INFO]: Preparing spawn area: 48%
[17:56:23] [Server thread/INFO]: Preparing spawn area: 52%
[17:56:23] [Server thread/INFO]: Preparing spawn area: 56%
[17:56:23] [Server thread/INFO]: Preparing spawn area: 60%
[17:56:23] [Server thread/INFO]: Preparing spawn area: 64%
[17:56:23] [Server thread/INFO]: Preparing spawn area: 68%
[17:56:23] [Server thread/INFO]: Preparing spawn area: 72%
[17:56:23] [Server thread/INFO]: Preparing spawn area: 76%
[17:56:23] [Server thread/INFO]: Preparing spawn area: 80%
[17:56:23] [Server thread/INFO]: Preparing spawn area: 84%
[17:56:24] [Server thread/INFO]: Preparing spawn area: 88%
[17:56:24] [Server thread/INFO]: Preparing spawn area: 92%
[17:56:24] [Server thread/INFO]: Preparing spawn area: 96%
[17:56:24] [Server thread/INFO]: Preparing spawn area: 100%
[17:56:24] [Server thread/INFO]: Time elapsed: 2401 ms
[17:56:24] [Server thread/INFO]: Done (4.010s)! For help, type "help"
[17:58:39] [User Authenticator #1/INFO]: UUID of player Huertix is 3710012d-a01c-415c-a056-d6fc61750188
[17:58:39] [Server thread/INFO]: Huertix[/90.94.214.154:49327] logged in with entity id 327 at (-154.5487911996144, 65.5, 167.41183174710616)
[17:58:39] [Server thread/INFO]: Huertix joined the game
[17:58:41] [Server thread/WARN]: Can't keep up! Is the server overloaded? Running 2522ms or 50 ticks behind
[17:59:56] [Server thread/INFO]: Huertix lost connection: Disconnected
[17:59:56] [Server thread/INFO]: Huertix left the game
[19:08:19] [Server Shutdown Thread/INFO]: Stopping server
[19:08:19] [Server Shutdown Thread/INFO]: Saving players
[19:08:19] [Server Shutdown Thread/INFO]: Saving worlds
[19:08:19] [Server Shutdown Thread/INFO]: Saving chunks for level 'world'/minecraft:the_end
[19:08:19] [Server console handler/ERROR]: Exception handling console input
java.io.IOException: Input/output error
	at java.io.FileInputStream.readBytes(Native Method) ~[?:1.8.0_191]
	at java.io.FileInputStream.read(FileInputStream.java:255) ~[?:1.8.0_191]
	at java.io.BufferedInputStream.read1(BufferedInputStream.java:284) ~[?:1.8.0_191]
	at java.io.BufferedInputStream.read(BufferedInputStream.java:345) ~[?:1.8.0_191]
	at sun.nio.cs.StreamDecoder.readBytes(StreamDecoder.java:284) ~[?:1.8.0_191]
	at sun.nio.cs.StreamDecoder.implRead(StreamDecoder.java:326) ~[?:1.8.0_191]
	at sun.nio.cs.StreamDecoder.read(StreamDecoder.java:178) ~[?:1.8.0_191]
	at java.io.InputStreamReader.read(InputStreamReader.java:184) ~[?:1.8.0_191]
	at java.io.BufferedReader.fill(BufferedReader.java:161) ~[?:1.8.0_191]
	at java.io.BufferedReader.readLine(BufferedReader.java:324) ~[?:1.8.0_191]
	at java.io.BufferedReader.readLine(BufferedReader.java:389) ~[?:1.8.0_191]
	at so$2.run(SourceFile:110) [minecraft_server.jar:?]
[19:08:19] [Server Shutdown Thread/INFO]: Saving chunks for level 'world'/minecraft:the_nether
[19:08:19] [Server Shutdown Thread/INFO]: Saving chunks for level 'world'/minecraft:overworld
